+ allennlp train training_config/bidaf_abstractive.jsonnet -s /tmp/tmpbidaf11
2018-09-23 13:29:34,130 - INFO - allennlp.common.registrable - instantiating registered subclass relu of <class 'allennlp.nn.activations.Activation'>
2018-09-23 13:29:34,149 - INFO - allennlp.common.registrable - instantiating registered subclass relu of <class 'allennlp.nn.activations.Activation'>
2018-09-23 13:29:34,157 - INFO - allennlp.common.registrable - instantiating registered subclass relu of <class 'allennlp.nn.activations.Activation'>
2018-09-23 13:29:34,171 - INFO - allennlp.common.registrable - instantiating registered subclass relu of <class 'allennlp.nn.activations.Activation'>
/scratch/karora/graphdial/allennlp/allennlp/service/predictors/__init__.py:23: FutureWarning: allennlp.service.predictors.* has been depreciated. Please use allennlp.predictors.*
  "Please use allennlp.predictors.*", FutureWarning)
/scratch/karora/graphdial/allennlp/allennlp/service/predictors/predictor.py:6: FutureWarning: allennlp.service.predictors.* has been deprecated. Please use allennlp.predictors.*
  " Please use allennlp.predictors.*", FutureWarning)
Traceback (most recent call last):
  File "/home/karora/projectdir/miniconda3/lib/python3.6/runpy.py", line 193, in _run_module_as_main
    "__main__", mod_spec)
  File "/home/karora/projectdir/miniconda3/lib/python3.6/runpy.py", line 85, in _run_code
    exec(code, run_globals)
  File "/scratch/karora/graphdial/allennlp/allennlp/run.py", line 18, in <module>
    main(prog="allennlp")
  File "/scratch/karora/graphdial/allennlp/allennlp/commands/__init__.py", line 70, in main
    args.func(args)
  File "/scratch/karora/graphdial/allennlp/allennlp/commands/train.py", line 101, in train_model_from_args
    args.recover)
  File "/scratch/karora/graphdial/allennlp/allennlp/commands/train.py", line 130, in train_model_from_file
    params = Params.from_file(parameter_filename, overrides)
  File "/scratch/karora/graphdial/allennlp/allennlp/common/params.py", line 359, in from_file
    params_file = cached_path(params_file)
  File "/scratch/karora/graphdial/allennlp/allennlp/common/file_utils.py", line 92, in cached_path
    raise FileNotFoundError("file {} not found".format(url_or_filename))
FileNotFoundError: file training_config/bidaf_abstractive.jsonnet not found
[INFO/MainProcess] process shutting down
